  framework.cpp
F:\University\4. felev\grafika\Sziriusz\GrafikaHaziCsomag\Programs\Skeleton\Skeleton\framework.h(167,17): warning C4996: 'fopen': This function or variable may be unsafe. Consider using fopen_s instead. To disable deprecation, use _CRT_SECURE_NO_WARNINGS. See online help for details.
  Skeleton.cpp
F:\University\4. felev\grafika\Sziriusz\GrafikaHaziCsomag\Programs\Skeleton\Skeleton\framework.h(167,17): warning C4996: 'fopen': This function or variable may be unsafe. Consider using fopen_s instead. To disable deprecation, use _CRT_SECURE_NO_WARNINGS. See online help for details.
F:\University\4. felev\grafika\Sziriusz\GrafikaHaziCsomag\Programs\Skeleton\Skeleton\Skeleton.cpp(106,20): warning C4018: '<': signed/unsigned mismatch
F:\University\4. felev\grafika\Sziriusz\GrafikaHaziCsomag\Programs\Skeleton\Skeleton\Skeleton.cpp(108,15): warning C4244: '=': conversion from 'double' to 'float', possible loss of data
F:\University\4. felev\grafika\Sziriusz\GrafikaHaziCsomag\Programs\Skeleton\Skeleton\Skeleton.cpp(215,15): warning C4244: '=': conversion from 'double' to 'float', possible loss of data
F:\University\4. felev\grafika\Sziriusz\GrafikaHaziCsomag\Programs\Skeleton\Skeleton\Skeleton.cpp(218,15): warning C4244: '=': conversion from 'double' to 'float', possible loss of data
F:\University\4. felev\grafika\Sziriusz\GrafikaHaziCsomag\Programs\Skeleton\Skeleton\Skeleton.cpp(229,15): warning C4244: '=': conversion from 'double' to 'float', possible loss of data
F:\University\4. felev\grafika\Sziriusz\GrafikaHaziCsomag\Programs\Skeleton\Skeleton\Skeleton.cpp(232,15): warning C4244: '=': conversion from 'double' to 'float', possible loss of data
F:\University\4. felev\grafika\Sziriusz\GrafikaHaziCsomag\Programs\Skeleton\Skeleton\Skeleton.cpp(272,21): warning C4244: '=': conversion from 'double' to 'float', possible loss of data
F:\University\4. felev\grafika\Sziriusz\GrafikaHaziCsomag\Programs\Skeleton\Skeleton\Skeleton.cpp(277,21): warning C4244: '=': conversion from 'double' to 'float', possible loss of data
F:\University\4. felev\grafika\Sziriusz\GrafikaHaziCsomag\Programs\Skeleton\Skeleton\Skeleton.cpp(282,21): warning C4244: '=': conversion from 'double' to 'float', possible loss of data
F:\University\4. felev\grafika\Sziriusz\GrafikaHaziCsomag\Programs\Skeleton\Skeleton\Skeleton.cpp(343,13): warning C4244: 'initializing': conversion from 'double' to 'float', possible loss of data
F:\University\4. felev\grafika\Sziriusz\GrafikaHaziCsomag\Programs\Skeleton\Skeleton\Skeleton.cpp(426,48): warning C4244: '=': conversion from 'double' to 'float', possible loss of data
F:\University\4. felev\grafika\Sziriusz\GrafikaHaziCsomag\Programs\Skeleton\Skeleton\Skeleton.cpp(434,39): warning C4244: '=': conversion from 'double' to 'float', possible loss of data
  Generating code
  Previous IPDB was built with incompatible compiler, fall back to full compilation.
  All 211 functions were compiled because no usable IPDB/IOBJ from previous compilation was found.
  Finished generating code
  Skeleton.vcxproj -> F:\University\4. felev\grafika\Sziriusz\GrafikaHaziCsomag\Programs\Skeleton\bin\Skeleton.exe
