  framework.cpp
F:\University\4. felev\grafika\raz casting\GrafikaHaziCsomag\Programs\Skeleton\Skeleton\framework.h(167,17): warning C4996: 'fopen': This function or variable may be unsafe. Consider using fopen_s instead. To disable deprecation, use _CRT_SECURE_NO_WARNINGS. See online help for details.
  Skeleton.cpp
F:\University\4. felev\grafika\raz casting\GrafikaHaziCsomag\Programs\Skeleton\Skeleton\framework.h(167,17): warning C4996: 'fopen': This function or variable may be unsafe. Consider using fopen_s instead. To disable deprecation, use _CRT_SECURE_NO_WARNINGS. See online help for details.
F:\University\4. felev\grafika\raz casting\GrafikaHaziCsomag\Programs\Skeleton\Skeleton\Skeleton.cpp(48,1): warning C4305: 'argument': truncation from 'double' to 'float'
F:\University\4. felev\grafika\raz casting\GrafikaHaziCsomag\Programs\Skeleton\Skeleton\Skeleton.cpp(209,1): warning C4305: 'initializing': truncation from 'double' to 'float'
F:\University\4. felev\grafika\raz casting\GrafikaHaziCsomag\Programs\Skeleton\Skeleton\Skeleton.cpp(213,1): warning C4305: 'argument': truncation from 'double' to 'float'
F:\University\4. felev\grafika\raz casting\GrafikaHaziCsomag\Programs\Skeleton\Skeleton\Skeleton.cpp(214,1): warning C4305: 'argument': truncation from 'double' to 'float'
F:\University\4. felev\grafika\raz casting\GrafikaHaziCsomag\Programs\Skeleton\Skeleton\Skeleton.cpp(215,1): warning C4305: 'argument': truncation from 'double' to 'float'
F:\University\4. felev\grafika\raz casting\GrafikaHaziCsomag\Programs\Skeleton\Skeleton\Skeleton.cpp(230,1): warning C4305: 'argument': truncation from 'double' to 'float'
F:\University\4. felev\grafika\raz casting\GrafikaHaziCsomag\Programs\Skeleton\Skeleton\Skeleton.cpp(232,1): warning C4305: 'argument': truncation from 'double' to 'float'
F:\University\4. felev\grafika\raz casting\GrafikaHaziCsomag\Programs\Skeleton\Skeleton\Skeleton.cpp(235,1): warning C4305: 'argument': truncation from 'double' to 'float'
F:\University\4. felev\grafika\raz casting\GrafikaHaziCsomag\Programs\Skeleton\Skeleton\Skeleton.cpp(239,1): warning C4305: 'argument': truncation from 'double' to 'float'
F:\University\4. felev\grafika\raz casting\GrafikaHaziCsomag\Programs\Skeleton\Skeleton\Skeleton.cpp(283,25): warning C4244: 'argument': conversion from 'int' to 'float', possible loss of data
F:\University\4. felev\grafika\raz casting\GrafikaHaziCsomag\Programs\Skeleton\Skeleton\Skeleton.cpp(284,25): warning C4244: 'argument': conversion from 'int' to 'float', possible loss of data
F:\University\4. felev\grafika\raz casting\GrafikaHaziCsomag\Programs\Skeleton\Skeleton\Skeleton.cpp(285,24): warning C4244: 'argument': conversion from 'double' to 'float', possible loss of data
F:\University\4. felev\grafika\raz casting\GrafikaHaziCsomag\Programs\Skeleton\Skeleton\Skeleton.cpp(296,27): warning C4244: 'argument': conversion from 'int' to 'float', possible loss of data
F:\University\4. felev\grafika\raz casting\GrafikaHaziCsomag\Programs\Skeleton\Skeleton\Skeleton.cpp(300,22): warning C4018: '<': signed/unsigned mismatch
F:\University\4. felev\grafika\raz casting\GrafikaHaziCsomag\Programs\Skeleton\Skeleton\Skeleton.cpp(302,17): warning C4244: 'initializing': conversion from 'double' to 'float', possible loss of data
F:\University\4. felev\grafika\raz casting\GrafikaHaziCsomag\Programs\Skeleton\Skeleton\Skeleton.cpp(335,30): warning C4244: 'argument': conversion from 'double' to 'float', possible loss of data
F:\University\4. felev\grafika\raz casting\GrafikaHaziCsomag\Programs\Skeleton\Skeleton\Skeleton.cpp(340,61): warning C4244: 'argument': conversion from 'double' to 'float', possible loss of data
  Generating code
  Previous IPDB was built with incompatible compiler, fall back to full compilation.
  All 277 functions were compiled because no usable IPDB/IOBJ from previous compilation was found.
  Finished generating code
  Skeleton.vcxproj -> F:\University\4. felev\grafika\raz casting\GrafikaHaziCsomag\Programs\Skeleton\bin\Skeleton.exe
